2023-10-01 03:50:07,035 INFO 

[Oct 01, 03:49:57] #> Creating directory /mnt/local/Baselines_Bugs/ColBERT/run/faiss_output/commits_train/index_faiss.py/2023-10-01_03.49.57 




[Oct 01, 03:49:57] #> Creating directory /mnt/local/Baselines_Bugs/ColBERT/run/faiss_output/commits_train/index_faiss.py/2023-10-01_03.49.57/logs/ 


[Oct 01, 03:49:57] {'root': 'run/faiss_output', 'experiment': 'commits_train', 'run': '2023-10-01_03.49.57', 'rank': -1, 'index_root': '/mnt/local/Baselines_Bugs/ColBERT/run_index/varnish_Varnish-Cache', 'index_name': 'varnish_Varnish-Cache', 'partitions': 70, 'sample': 0.8, 'slices': 1} 

#> num_embeddings = 351
[Oct 01, 03:49:57] #> Starting..
[Oct 01, 03:49:57] #> Training with 80.0% of *all* embeddings (provided --sample).
[Oct 01, 03:49:57] #> Processing slice #1 of 1 (range 0..1).
[Oct 01, 03:49:57] #> Will write to /mnt/local/Baselines_Bugs/ColBERT/run_index/varnish_Varnish-Cache/varnish_Varnish-Cache/ivfpq.70.faiss.
[Oct 01, 03:49:57] #> Loading /mnt/local/Baselines_Bugs/ColBERT/run_index/varnish_Varnish-Cache/varnish_Varnish-Cache/0.pt ...
#> Sample has shape (280, 128)
[Oct 01, 03:49:57] Preparing resources for 3 GPUs.
[Oct 01, 03:49:57] #> Training with the vectors...
[Oct 01, 03:49:57] #> Training now (using 3 GPUs)...
7.098648548126221
0.20707321166992188
0.00010228157043457031
[Oct 01, 03:50:05] Done training!

[Oct 01, 03:50:05] #> Indexing the vectors...
[Oct 01, 03:50:05] #> Loading ('/mnt/local/Baselines_Bugs/ColBERT/run_index/varnish_Varnish-Cache/varnish_Varnish-Cache/0.pt', None, None) (from queue)...
[Oct 01, 03:50:05] #> Processing a sub_collection with shape (351, 128)
[Oct 01, 03:50:05] Add data with shape (351, 128) (offset = 0)..

0/351 (0.002 s)   Flush indexes to CPU
add(.) time: 0.097 s 		--		 index.ntotal = 351
[Oct 01, 03:50:05] Done indexing!
[Oct 01, 03:50:05] Writing index to /mnt/local/Baselines_Bugs/ColBERT/run_index/varnish_Varnish-Cache/varnish_Varnish-Cache/ivfpq.70.faiss ...
[Oct 01, 03:50:05] 

Done! All complete (for slice #1 of 1)!
IndexShards shard 0 select modulo 3 = 0
  IndexIVFPQ size 0 -> GpuIndexIVFPQ indicesOptions=0 usePrecomputed=0 useFloat16=1 reserveVecs=33554432
IndexShards shard 1 select modulo 3 = 1
  IndexIVFPQ size 0 -> GpuIndexIVFPQ indicesOptions=0 usePrecomputed=0 useFloat16=1 reserveVecs=33554432
IndexShards shard 2 select modulo 3 = 2
  IndexIVFPQ size 0 -> GpuIndexIVFPQ indicesOptions=0 usePrecomputed=0 useFloat16=1 reserveVecs=33554432

2023-10-01 03:50:07,036 INFO WARNING clustering 280 points to 70 centroids: please provide at least 2730 training points
WARNING clustering 280 points to 256 centroids: please provide at least 9984 training points
WARNING clustering 280 points to 256 centroids: please provide at least 9984 training points
WARNING clustering 280 points to 256 centroids: please provide at least 9984 training points
WARNING clustering 280 points to 256 centroids: please provide at least 9984 training points
WARNING clustering 280 points to 256 centroids: please provide at least 9984 training points
WARNING clustering 280 points to 256 centroids: please provide at least 9984 training points
WARNING clustering 280 points to 256 centroids: please provide at least 9984 training points
WARNING clustering 280 points to 256 centroids: please provide at least 9984 training points
WARNING clustering 280 points to 256 centroids: please provide at least 9984 training points
WARNING clustering 280 points to 256 centroids: please provide at least 9984 training points
WARNING clustering 280 points to 256 centroids: please provide at least 9984 training points
WARNING clustering 280 points to 256 centroids: please provide at least 9984 training points
WARNING clustering 280 points to 256 centroids: please provide at least 9984 training points
WARNING clustering 280 points to 256 centroids: please provide at least 9984 training points
WARNING clustering 280 points to 256 centroids: please provide at least 9984 training points
WARNING clustering 280 points to 256 centroids: please provide at least 9984 training points

2023-10-01 03:50:17,975 INFO 

[Oct 01, 03:50:08] #> Creating directory /mnt/local/Baselines_Bugs/ColBERT/run/faiss_output/commits_train/index_faiss.py/2023-10-01_03.50.08 




[Oct 01, 03:50:08] #> Creating directory /mnt/local/Baselines_Bugs/ColBERT/run/faiss_output/commits_train/index_faiss.py/2023-10-01_03.50.08/logs/ 


[Oct 01, 03:50:08] {'root': 'run/faiss_output', 'experiment': 'commits_train', 'run': '2023-10-01_03.50.08', 'rank': -1, 'index_root': '/mnt/local/Baselines_Bugs/ColBERT/run_index/joyent_node', 'index_name': 'joyent_node', 'partitions': 70, 'sample': 0.8, 'slices': 1} 

#> num_embeddings = 492
[Oct 01, 03:50:08] #> Starting..
[Oct 01, 03:50:08] #> Training with 80.0% of *all* embeddings (provided --sample).
[Oct 01, 03:50:08] #> Processing slice #1 of 1 (range 0..1).
[Oct 01, 03:50:08] #> Will write to /mnt/local/Baselines_Bugs/ColBERT/run_index/joyent_node/joyent_node/ivfpq.70.faiss.
[Oct 01, 03:50:08] #> Loading /mnt/local/Baselines_Bugs/ColBERT/run_index/joyent_node/joyent_node/0.pt ...
#> Sample has shape (393, 128)
[Oct 01, 03:50:08] Preparing resources for 3 GPUs.
[Oct 01, 03:50:08] #> Training with the vectors...
[Oct 01, 03:50:08] #> Training now (using 3 GPUs)...
7.065196990966797
0.19693684577941895
0.0001049041748046875
[Oct 01, 03:50:16] Done training!

[Oct 01, 03:50:16] #> Indexing the vectors...
[Oct 01, 03:50:16] #> Loading ('/mnt/local/Baselines_Bugs/ColBERT/run_index/joyent_node/joyent_node/0.pt', None, None) (from queue)...
[Oct 01, 03:50:16] #> Processing a sub_collection with shape (492, 128)
[Oct 01, 03:50:16] Add data with shape (492, 128) (offset = 0)..

0/492 (0.002 s)   Flush indexes to CPU
add(.) time: 0.098 s 		--		 index.ntotal = 492
[Oct 01, 03:50:16] Done indexing!
[Oct 01, 03:50:16] Writing index to /mnt/local/Baselines_Bugs/ColBERT/run_index/joyent_node/joyent_node/ivfpq.70.faiss ...
[Oct 01, 03:50:16] 

Done! All complete (for slice #1 of 1)!
IndexShards shard 0 select modulo 3 = 0
  IndexIVFPQ size 0 -> GpuIndexIVFPQ indicesOptions=0 usePrecomputed=0 useFloat16=1 reserveVecs=33554432
IndexShards shard 1 select modulo 3 = 1
  IndexIVFPQ size 0 -> GpuIndexIVFPQ indicesOptions=0 usePrecomputed=0 useFloat16=1 reserveVecs=33554432
IndexShards shard 2 select modulo 3 = 2
  IndexIVFPQ size 0 -> GpuIndexIVFPQ indicesOptions=0 usePrecomputed=0 useFloat16=1 reserveVecs=33554432

2023-10-01 03:50:17,975 INFO WARNING clustering 393 points to 70 centroids: please provide at least 2730 training points
WARNING clustering 393 points to 256 centroids: please provide at least 9984 training points
WARNING clustering 393 points to 256 centroids: please provide at least 9984 training points
WARNING clustering 393 points to 256 centroids: please provide at least 9984 training points
WARNING clustering 393 points to 256 centroids: please provide at least 9984 training points
WARNING clustering 393 points to 256 centroids: please provide at least 9984 training points
WARNING clustering 393 points to 256 centroids: please provide at least 9984 training points
WARNING clustering 393 points to 256 centroids: please provide at least 9984 training points
WARNING clustering 393 points to 256 centroids: please provide at least 9984 training points
WARNING clustering 393 points to 256 centroids: please provide at least 9984 training points
WARNING clustering 393 points to 256 centroids: please provide at least 9984 training points
WARNING clustering 393 points to 256 centroids: please provide at least 9984 training points
WARNING clustering 393 points to 256 centroids: please provide at least 9984 training points
WARNING clustering 393 points to 256 centroids: please provide at least 9984 training points
WARNING clustering 393 points to 256 centroids: please provide at least 9984 training points
WARNING clustering 393 points to 256 centroids: please provide at least 9984 training points
WARNING clustering 393 points to 256 centroids: please provide at least 9984 training points

2023-10-01 03:50:28,882 INFO 

[Oct 01, 03:50:19] #> Creating directory /mnt/local/Baselines_Bugs/ColBERT/run/faiss_output/commits_train/index_faiss.py/2023-10-01_03.50.19 




[Oct 01, 03:50:19] #> Creating directory /mnt/local/Baselines_Bugs/ColBERT/run/faiss_output/commits_train/index_faiss.py/2023-10-01_03.50.19/logs/ 


[Oct 01, 03:50:19] {'root': 'run/faiss_output', 'experiment': 'commits_train', 'run': '2023-10-01_03.50.19', 'rank': -1, 'index_root': '/mnt/local/Baselines_Bugs/ColBERT/run_index/Uninett_mod_auth_mellon', 'index_name': 'Uninett_mod_auth_mellon', 'partitions': 70, 'sample': 0.8, 'slices': 1} 

#> num_embeddings = 721
[Oct 01, 03:50:19] #> Starting..
[Oct 01, 03:50:19] #> Training with 80.0% of *all* embeddings (provided --sample).
[Oct 01, 03:50:19] #> Processing slice #1 of 1 (range 0..1).
[Oct 01, 03:50:19] #> Will write to /mnt/local/Baselines_Bugs/ColBERT/run_index/Uninett_mod_auth_mellon/Uninett_mod_auth_mellon/ivfpq.70.faiss.
[Oct 01, 03:50:19] #> Loading /mnt/local/Baselines_Bugs/ColBERT/run_index/Uninett_mod_auth_mellon/Uninett_mod_auth_mellon/0.pt ...
#> Sample has shape (576, 128)
[Oct 01, 03:50:19] Preparing resources for 3 GPUs.
[Oct 01, 03:50:19] #> Training with the vectors...
[Oct 01, 03:50:19] #> Training now (using 3 GPUs)...
7.0167930126190186
0.20208048820495605
8.988380432128906e-05
[Oct 01, 03:50:27] Done training!

[Oct 01, 03:50:27] #> Indexing the vectors...
[Oct 01, 03:50:27] #> Loading ('/mnt/local/Baselines_Bugs/ColBERT/run_index/Uninett_mod_auth_mellon/Uninett_mod_auth_mellon/0.pt', None, None) (from queue)...
[Oct 01, 03:50:27] #> Processing a sub_collection with shape (721, 128)
[Oct 01, 03:50:27] Add data with shape (721, 128) (offset = 0)..

0/721 (0.002 s)   Flush indexes to CPU
add(.) time: 0.099 s 		--		 index.ntotal = 721
[Oct 01, 03:50:27] Done indexing!
[Oct 01, 03:50:27] Writing index to /mnt/local/Baselines_Bugs/ColBERT/run_index/Uninett_mod_auth_mellon/Uninett_mod_auth_mellon/ivfpq.70.faiss ...
[Oct 01, 03:50:27] 

Done! All complete (for slice #1 of 1)!
IndexShards shard 0 select modulo 3 = 0
  IndexIVFPQ size 0 -> GpuIndexIVFPQ indicesOptions=0 usePrecomputed=0 useFloat16=1 reserveVecs=33554432
IndexShards shard 1 select modulo 3 = 1
  IndexIVFPQ size 0 -> GpuIndexIVFPQ indicesOptions=0 usePrecomputed=0 useFloat16=1 reserveVecs=33554432
IndexShards shard 2 select modulo 3 = 2
  IndexIVFPQ size 0 -> GpuIndexIVFPQ indicesOptions=0 usePrecomputed=0 useFloat16=1 reserveVecs=33554432

2023-10-01 03:50:28,883 INFO WARNING clustering 576 points to 70 centroids: please provide at least 2730 training points
WARNING clustering 576 points to 256 centroids: please provide at least 9984 training points
WARNING clustering 576 points to 256 centroids: please provide at least 9984 training points
WARNING clustering 576 points to 256 centroids: please provide at least 9984 training points
WARNING clustering 576 points to 256 centroids: please provide at least 9984 training points
WARNING clustering 576 points to 256 centroids: please provide at least 9984 training points
WARNING clustering 576 points to 256 centroids: please provide at least 9984 training points
WARNING clustering 576 points to 256 centroids: please provide at least 9984 training points
WARNING clustering 576 points to 256 centroids: please provide at least 9984 training points
WARNING clustering 576 points to 256 centroids: please provide at least 9984 training points
WARNING clustering 576 points to 256 centroids: please provide at least 9984 training points
WARNING clustering 576 points to 256 centroids: please provide at least 9984 training points
WARNING clustering 576 points to 256 centroids: please provide at least 9984 training points
WARNING clustering 576 points to 256 centroids: please provide at least 9984 training points
WARNING clustering 576 points to 256 centroids: please provide at least 9984 training points
WARNING clustering 576 points to 256 centroids: please provide at least 9984 training points
WARNING clustering 576 points to 256 centroids: please provide at least 9984 training points

2023-10-01 03:50:30,980 INFO 

[Oct 01, 03:50:30] #> Creating directory /mnt/local/Baselines_Bugs/ColBERT/run/faiss_output/commits_train/index_faiss.py/2023-10-01_03.50.30 




[Oct 01, 03:50:30] #> Creating directory /mnt/local/Baselines_Bugs/ColBERT/run/faiss_output/commits_train/index_faiss.py/2023-10-01_03.50.30/logs/ 


[Oct 01, 03:50:30] {'root': 'run/faiss_output', 'experiment': 'commits_train', 'run': '2023-10-01_03.50.30', 'rank': -1, 'index_root': '/mnt/local/Baselines_Bugs/ColBERT/run_index/varnish_Varnish-Cache', 'index_name': 'varnish_Varnish-Cache', 'partitions': 70, 'sample': 0.8, 'slices': 1} 

#> num_embeddings = 351
[Oct 01, 03:50:30] #> Starting..
[Oct 01, 03:50:30] #> Training with 80.0% of *all* embeddings (provided --sample).
[Oct 01, 03:50:30] #> Processing slice #1 of 1 (range 0..1).
[Oct 01, 03:50:30] #> Will write to /mnt/local/Baselines_Bugs/ColBERT/run_index/varnish_Varnish-Cache/varnish_Varnish-Cache/ivfpq.70.faiss.
[Oct 01, 03:50:30] Traceback (most recent call last):
  File "/mnt/local/Baselines_Bugs/ColBERT/colbert/utils/runs.py", line 70, in context
    yield
  File "/mnt/local/Baselines_Bugs/ColBERT/colbert/index_faiss.py", line 39, in main
    index_faiss(args)
  File "/mnt/local/Baselines_Bugs/ColBERT/colbert/indexing/faiss.py", line 85, in index_faiss
    assert not os.path.exists(output_path), output_path
AssertionError: /mnt/local/Baselines_Bugs/ColBERT/run_index/varnish_Varnish-Cache/varnish_Varnish-Cache/ivfpq.70.faiss

 



2023-10-01 03:50:30,981 INFO Traceback (most recent call last):
  File "/home/kaixuan_cuda11/anaconda3/envs/colbert-v0.2/lib/python3.7/runpy.py", line 193, in _run_module_as_main
    "__main__", mod_spec)
  File "/home/kaixuan_cuda11/anaconda3/envs/colbert-v0.2/lib/python3.7/runpy.py", line 85, in _run_code
    exec(code, run_globals)
  File "/mnt/local/Baselines_Bugs/ColBERT/colbert/index_faiss.py", line 43, in <module>
    main()
  File "/mnt/local/Baselines_Bugs/ColBERT/colbert/index_faiss.py", line 39, in main
    index_faiss(args)
  File "/mnt/local/Baselines_Bugs/ColBERT/colbert/indexing/faiss.py", line 85, in index_faiss
    assert not os.path.exists(output_path), output_path
AssertionError: /mnt/local/Baselines_Bugs/ColBERT/run_index/varnish_Varnish-Cache/varnish_Varnish-Cache/ivfpq.70.faiss

2023-10-01 03:50:33,160 INFO 

[Oct 01, 03:50:32] #> Creating directory /mnt/local/Baselines_Bugs/ColBERT/run/faiss_output/commits_train/index_faiss.py/2023-10-01_03.50.32 




[Oct 01, 03:50:32] #> Creating directory /mnt/local/Baselines_Bugs/ColBERT/run/faiss_output/commits_train/index_faiss.py/2023-10-01_03.50.32/logs/ 


[Oct 01, 03:50:32] {'root': 'run/faiss_output', 'experiment': 'commits_train', 'run': '2023-10-01_03.50.32', 'rank': -1, 'index_root': '/mnt/local/Baselines_Bugs/ColBERT/run_index/Uninett_mod_auth_mellon', 'index_name': 'Uninett_mod_auth_mellon', 'partitions': 70, 'sample': 0.8, 'slices': 1} 

#> num_embeddings = 721
[Oct 01, 03:50:32] #> Starting..
[Oct 01, 03:50:32] #> Training with 80.0% of *all* embeddings (provided --sample).
[Oct 01, 03:50:32] #> Processing slice #1 of 1 (range 0..1).
[Oct 01, 03:50:32] #> Will write to /mnt/local/Baselines_Bugs/ColBERT/run_index/Uninett_mod_auth_mellon/Uninett_mod_auth_mellon/ivfpq.70.faiss.
[Oct 01, 03:50:32] Traceback (most recent call last):
  File "/mnt/local/Baselines_Bugs/ColBERT/colbert/utils/runs.py", line 70, in context
    yield
  File "/mnt/local/Baselines_Bugs/ColBERT/colbert/index_faiss.py", line 39, in main
    index_faiss(args)
  File "/mnt/local/Baselines_Bugs/ColBERT/colbert/indexing/faiss.py", line 85, in index_faiss
    assert not os.path.exists(output_path), output_path
AssertionError: /mnt/local/Baselines_Bugs/ColBERT/run_index/Uninett_mod_auth_mellon/Uninett_mod_auth_mellon/ivfpq.70.faiss

 



2023-10-01 03:50:33,160 INFO Traceback (most recent call last):
  File "/home/kaixuan_cuda11/anaconda3/envs/colbert-v0.2/lib/python3.7/runpy.py", line 193, in _run_module_as_main
    "__main__", mod_spec)
  File "/home/kaixuan_cuda11/anaconda3/envs/colbert-v0.2/lib/python3.7/runpy.py", line 85, in _run_code
    exec(code, run_globals)
  File "/mnt/local/Baselines_Bugs/ColBERT/colbert/index_faiss.py", line 43, in <module>
    main()
  File "/mnt/local/Baselines_Bugs/ColBERT/colbert/index_faiss.py", line 39, in main
    index_faiss(args)
  File "/mnt/local/Baselines_Bugs/ColBERT/colbert/indexing/faiss.py", line 85, in index_faiss
    assert not os.path.exists(output_path), output_path
AssertionError: /mnt/local/Baselines_Bugs/ColBERT/run_index/Uninett_mod_auth_mellon/Uninett_mod_auth_mellon/ivfpq.70.faiss

2023-10-01 03:50:35,393 INFO 

[Oct 01, 03:50:34] #> Creating directory /mnt/local/Baselines_Bugs/ColBERT/run/faiss_output/commits_train/index_faiss.py/2023-10-01_03.50.34 




[Oct 01, 03:50:34] #> Creating directory /mnt/local/Baselines_Bugs/ColBERT/run/faiss_output/commits_train/index_faiss.py/2023-10-01_03.50.34/logs/ 


[Oct 01, 03:50:35] {'root': 'run/faiss_output', 'experiment': 'commits_train', 'run': '2023-10-01_03.50.34', 'rank': -1, 'index_root': '/mnt/local/Baselines_Bugs/ColBERT/run_index/joyent_node', 'index_name': 'joyent_node', 'partitions': 70, 'sample': 0.8, 'slices': 1} 

#> num_embeddings = 492
[Oct 01, 03:50:35] #> Starting..
[Oct 01, 03:50:35] #> Training with 80.0% of *all* embeddings (provided --sample).
[Oct 01, 03:50:35] #> Processing slice #1 of 1 (range 0..1).
[Oct 01, 03:50:35] #> Will write to /mnt/local/Baselines_Bugs/ColBERT/run_index/joyent_node/joyent_node/ivfpq.70.faiss.
[Oct 01, 03:50:35] Traceback (most recent call last):
  File "/mnt/local/Baselines_Bugs/ColBERT/colbert/utils/runs.py", line 70, in context
    yield
  File "/mnt/local/Baselines_Bugs/ColBERT/colbert/index_faiss.py", line 39, in main
    index_faiss(args)
  File "/mnt/local/Baselines_Bugs/ColBERT/colbert/indexing/faiss.py", line 85, in index_faiss
    assert not os.path.exists(output_path), output_path
AssertionError: /mnt/local/Baselines_Bugs/ColBERT/run_index/joyent_node/joyent_node/ivfpq.70.faiss

 



2023-10-01 03:50:35,393 INFO Traceback (most recent call last):
  File "/home/kaixuan_cuda11/anaconda3/envs/colbert-v0.2/lib/python3.7/runpy.py", line 193, in _run_module_as_main
    "__main__", mod_spec)
  File "/home/kaixuan_cuda11/anaconda3/envs/colbert-v0.2/lib/python3.7/runpy.py", line 85, in _run_code
    exec(code, run_globals)
  File "/mnt/local/Baselines_Bugs/ColBERT/colbert/index_faiss.py", line 43, in <module>
    main()
  File "/mnt/local/Baselines_Bugs/ColBERT/colbert/index_faiss.py", line 39, in main
    index_faiss(args)
  File "/mnt/local/Baselines_Bugs/ColBERT/colbert/indexing/faiss.py", line 85, in index_faiss
    assert not os.path.exists(output_path), output_path
AssertionError: /mnt/local/Baselines_Bugs/ColBERT/run_index/joyent_node/joyent_node/ivfpq.70.faiss

